2024-10-25 15:51:22,024 - INFO - Agent007 has been verified.
2024-10-25 15:51:22,024 - INFO - Agent007 is now verified.
2024-10-25 15:51:22,025 - INFO - Agent008 has been verified.
2024-10-25 15:51:22,025 - INFO - Agent008 is now verified.
2024-10-25 15:51:22,025 - INFO - Budget set to $100.0 for Agent007.
2024-10-25 15:51:22,025 - INFO - Deposited $150.0 to wallet e3c987d7-f306-4a4a-ad4b-1085fc08426e.
2024-10-25 15:51:22,025 - INFO - Withdrew $50.0 from wallet e3c987d7-f306-4a4a-ad4b-1085fc08426e.
2024-10-25 15:51:22,026 - INFO - Processing payment of $50.0...
2024-10-25 15:51:23,030 - INFO - Payment of $50.0 processed successfully!
2024-10-25 15:51:23,032 - INFO - Agent007 successfully made a payment of $50.0.
2024-10-25 15:51:23,032 - INFO - Withdrew $60.0 from wallet e3c987d7-f306-4a4a-ad4b-1085fc08426e.
2024-10-25 15:51:23,032 - INFO - Processing payment of $60.0...
2024-10-25 15:51:24,047 - INFO - Payment of $60.0 processed successfully!
2024-10-25 15:51:24,048 - INFO - Agent007 successfully made a payment of $60.0.
2024-10-25 15:51:24,048 - INFO - Budget set to $200.0 for Agent008.
2024-10-25 15:51:24,049 - INFO - Deposited $250.0 to wallet 43347e29-ed26-4117-8d6c-d21350a6e8f7.
2024-10-25 15:51:24,049 - INFO - Withdrew $150.0 from wallet 43347e29-ed26-4117-8d6c-d21350a6e8f7.
2024-10-25 15:51:24,049 - INFO - Processing payment of $150.0...
2024-10-25 15:51:25,062 - INFO - Payment of $150.0 processed successfully!
2024-10-25 15:51:25,062 - INFO - Agent008 successfully made a payment of $150.0.
2024-10-25 15:51:52,639 - INFO - Agent007 has been verified.
2024-10-25 15:51:52,639 - INFO - Agent007 is now verified.
2024-10-25 15:51:52,639 - INFO - Agent008 has been verified.
2024-10-25 15:51:52,639 - INFO - Agent008 is now verified.
2024-10-25 15:51:52,639 - INFO - Budget set to $100.0 for Agent007.
2024-10-25 15:51:52,639 - INFO - Deposited $150.0 to wallet dcf92ae6-2a07-49ed-947f-9af45f67c5e7.
2024-10-25 15:51:52,639 - INFO - Withdrew $50.0 from wallet dcf92ae6-2a07-49ed-947f-9af45f67c5e7.
2024-10-25 15:51:52,639 - INFO - Processing payment of $50.0...
2024-10-25 15:51:53,649 - INFO - Payment of $50.0 processed successfully!
2024-10-25 15:51:53,650 - INFO - Agent007 successfully made a payment of $50.0.
2024-10-25 15:51:53,652 - INFO - Withdrew $60.0 from wallet dcf92ae6-2a07-49ed-947f-9af45f67c5e7.
2024-10-25 15:51:53,652 - INFO - Processing payment of $60.0...
2024-10-25 15:51:54,669 - INFO - Payment of $60.0 processed successfully!
2024-10-25 15:51:54,670 - INFO - Agent007 successfully made a payment of $60.0.
2024-10-25 15:51:54,670 - INFO - Budget set to $200.0 for Agent008.
2024-10-25 15:51:54,670 - INFO - Deposited $250.0 to wallet aafc8377-f6bb-4aff-8740-859f8b67e2d3.
2024-10-25 15:51:54,670 - INFO - Withdrew $150.0 from wallet aafc8377-f6bb-4aff-8740-859f8b67e2d3.
2024-10-25 15:51:54,674 - INFO - Processing payment of $150.0...
2024-10-25 15:51:55,680 - INFO - Payment of $150.0 processed successfully!
2024-10-25 15:51:55,680 - INFO - Agent008 successfully made a payment of $150.0.
